<?xml version="1.0" encoding="UTF-8"?>
<!-- Generated by org.testng.reporters.JUnitReportReporter -->
<testsuite skipped="0" hostname="PC" name="com.runner.TestRunner" tests="7" failures="0" timestamp="2022-06-18T02:14:12 IST" time="6.049" errors="0">
  <testcase name="runScenario" time="3.247" classname="com.runner.TestRunner"/>
  <system-out/>
  <testcase name="runScenario" time="0.947" classname="com.runner.TestRunner"/>
  <system-out/>
  <testcase name="runScenario" time="0.141" classname="com.runner.TestRunner"/>
  <system-out/>
  <testcase name="runScenario" time="0.078" classname="com.runner.TestRunner"/>
  <system-out/>
  <testcase name="runScenario" time="0.526" classname="com.runner.TestRunner"/>
  <system-out/>
  <testcase name="runScenario" time="0.547" classname="com.runner.TestRunner"/>
  <system-out/>
  <testcase name="runScenario" time="0.563" classname="com.runner.TestRunner"/>
  <system-out/>
</testsuite> <!-- com.runner.TestRunner -->
