<?xml version="1.0" encoding="UTF-8"?>
<!-- Generated by org.testng.reporters.JUnitReportReporter -->
<testsuite skipped="0" hostname="PC" name="runner.CucumberRunnerTest" tests="6" failures="0" timestamp="2022-06-17T00:42:59 IST" time="5.044" errors="0">
  <testcase name="runScenario" time="3.240" classname="runner.CucumberRunnerTest"/>
  <system-out/>
  <testcase name="runScenario" time="0.547" classname="runner.CucumberRunnerTest"/>
  <system-out/>
  <testcase name="runScenario" time="0.109" classname="runner.CucumberRunnerTest"/>
  <system-out/>
  <testcase name="runScenario" time="0.078" classname="runner.CucumberRunnerTest"/>
  <system-out/>
  <testcase name="runScenario" time="0.547" classname="runner.CucumberRunnerTest"/>
  <system-out/>
  <testcase name="runScenario" time="0.523" classname="runner.CucumberRunnerTest"/>
  <system-out/>
</testsuite> <!-- runner.CucumberRunnerTest -->
